2010/12/25 15:31:27 [error] [php] date(): It is not safe to rely on the system's timezone settings. You are *required* to use the date.timezone setting or the date_default_timezone_set() function. In case you used any of those methods and you are still getting this warning, you most likely misspelled the timezone identifier. We selected 'Europe/Berlin' for 'CET/1.0/no DST' instead (/home/luka/etc/saion/yii-powered-centro/protected/views/layouts/main.php:47)
Stack trace:
#0 /home/luka/etc/saion/yii-1.1.5.r2654/framework/web/CBaseController.php(88): SiteController->renderInternal()
#1 /home/luka/etc/saion/yii-1.1.5.r2654/framework/web/widgets/CContentDecorator.php(78): SiteController->renderFile()
#2 /home/luka/etc/saion/yii-1.1.5.r2654/framework/web/widgets/CContentDecorator.php(56): CContentDecorator->decorate()
#3 /home/luka/etc/saion/yii-1.1.5.r2654/framework/web/widgets/COutputProcessor.php(45): CContentDecorator->processOutput()
#4 /home/luka/etc/saion/yii-1.1.5.r2654/framework/web/CBaseController.php(199): CContentDecorator->run()
#5 /home/luka/etc/saion/yii-1.1.5.r2654/framework/web/CBaseController.php(294): SiteController->endWidget()
#6 /home/luka/etc/saion/yii-powered-centro/protected/views/layouts/column1.php(7): SiteController->endContent()
#7 /home/luka/etc/saion/yii-1.1.5.r2654/framework/web/CBaseController.php(119): require()
#8 /home/luka/etc/saion/yii-1.1.5.r2654/framework/web/CBaseController.php(88): SiteController->renderInternal()
#9 /home/luka/etc/saion/yii-1.1.5.r2654/framework/web/CController.php(748): SiteController->renderFile()
#10 /home/luka/etc/saion/yii-powered-centro/protected/controllers/SiteController.php(32): SiteController->render()
#11 /home/luka/etc/saion/yii-1.1.5.r2654/framework/web/actions/CInlineAction.php(57): SiteController->actionIndex()
#12 /home/luka/etc/saion/yii-1.1.5.r2654/framework/web/CController.php(300): CInlineAction->run()
#13 /home/luka/etc/saion/yii-1.1.5.r2654/framework/web/CController.php(278): SiteController->runAction()
#14 /home/luka/etc/saion/yii-1.1.5.r2654/framework/web/CController.php(257): SiteController->runActionWithFilters()
#15 /home/luka/etc/saion/yii-1.1.5.r2654/framework/web/CWebApplication.php(324): SiteController->run()
#16 /home/luka/etc/saion/yii-1.1.5.r2654/framework/web/CWebApplication.php(121): CWebApplication->runController()
#17 /home/luka/etc/saion/yii-1.1.5.r2654/framework/base/CApplication.php(135): CWebApplication->processRequest()
#18 /home/luka/etc/saion/yii-powered-centro/index.php(13): CWebApplication->run()
REQUEST_URI=/yii-powered-centro/
in /home/luka/etc/saion/yii-powered-centro/protected/views/layouts/main.php (47)
in /home/luka/etc/saion/yii-powered-centro/protected/views/layouts/column1.php (7)
in /home/luka/etc/saion/yii-powered-centro/protected/controllers/SiteController.php (32)
2010/12/25 15:31:42 [error] [php] date(): It is not safe to rely on the system's timezone settings. You are *required* to use the date.timezone setting or the date_default_timezone_set() function. In case you used any of those methods and you are still getting this warning, you most likely misspelled the timezone identifier. We selected 'Europe/Berlin' for 'CET/1.0/no DST' instead (/home/luka/etc/saion/yii-powered-centro/protected/views/layouts/main.php:47)
Stack trace:
#0 /home/luka/etc/saion/yii-1.1.5.r2654/framework/web/CBaseController.php(88): SiteController->renderInternal()
#1 /home/luka/etc/saion/yii-1.1.5.r2654/framework/web/widgets/CContentDecorator.php(78): SiteController->renderFile()
#2 /home/luka/etc/saion/yii-1.1.5.r2654/framework/web/widgets/CContentDecorator.php(56): CContentDecorator->decorate()
#3 /home/luka/etc/saion/yii-1.1.5.r2654/framework/web/widgets/COutputProcessor.php(45): CContentDecorator->processOutput()
#4 /home/luka/etc/saion/yii-1.1.5.r2654/framework/web/CBaseController.php(199): CContentDecorator->run()
#5 /home/luka/etc/saion/yii-1.1.5.r2654/framework/web/CBaseController.php(294): SiteController->endWidget()
#6 /home/luka/etc/saion/yii-powered-centro/protected/views/layouts/column1.php(7): SiteController->endContent()
#7 /home/luka/etc/saion/yii-1.1.5.r2654/framework/web/CBaseController.php(119): require()
#8 /home/luka/etc/saion/yii-1.1.5.r2654/framework/web/CBaseController.php(88): SiteController->renderInternal()
#9 /home/luka/etc/saion/yii-1.1.5.r2654/framework/web/CController.php(748): SiteController->renderFile()
#10 /home/luka/etc/saion/yii-powered-centro/protected/controllers/SiteController.php(32): SiteController->render()
#11 /home/luka/etc/saion/yii-1.1.5.r2654/framework/web/actions/CInlineAction.php(57): SiteController->actionIndex()
#12 /home/luka/etc/saion/yii-1.1.5.r2654/framework/web/CController.php(300): CInlineAction->run()
#13 /home/luka/etc/saion/yii-1.1.5.r2654/framework/web/CController.php(278): SiteController->runAction()
#14 /home/luka/etc/saion/yii-1.1.5.r2654/framework/web/CController.php(257): SiteController->runActionWithFilters()
#15 /home/luka/etc/saion/yii-1.1.5.r2654/framework/web/CWebApplication.php(324): SiteController->run()
#16 /home/luka/etc/saion/yii-1.1.5.r2654/framework/web/CWebApplication.php(121): CWebApplication->runController()
#17 /home/luka/etc/saion/yii-1.1.5.r2654/framework/base/CApplication.php(135): CWebApplication->processRequest()
#18 /home/luka/etc/saion/yii-powered-centro/index.php(13): CWebApplication->run()
REQUEST_URI=/yii-powered-centro/index.php
in /home/luka/etc/saion/yii-powered-centro/protected/views/layouts/main.php (47)
in /home/luka/etc/saion/yii-powered-centro/protected/views/layouts/column1.php (7)
in /home/luka/etc/saion/yii-powered-centro/protected/controllers/SiteController.php (32)
2010/12/25 15:38:33 [error] [php] date(): It is not safe to rely on the system's timezone settings. You are *required* to use the date.timezone setting or the date_default_timezone_set() function. In case you used any of those methods and you are still getting this warning, you most likely misspelled the timezone identifier. We selected 'Europe/Berlin' for 'CET/1.0/no DST' instead (/home/luka/etc/saion/yii-powered-centro/protected/views/layouts/main.php:47)
Stack trace:
#0 /home/luka/etc/saion/yii-1.1.5.r2654/framework/web/CBaseController.php(88): SiteController->renderInternal()
#1 /home/luka/etc/saion/yii-1.1.5.r2654/framework/web/widgets/CContentDecorator.php(78): SiteController->renderFile()
#2 /home/luka/etc/saion/yii-1.1.5.r2654/framework/web/widgets/CContentDecorator.php(56): CContentDecorator->decorate()
#3 /home/luka/etc/saion/yii-1.1.5.r2654/framework/web/widgets/COutputProcessor.php(45): CContentDecorator->processOutput()
#4 /home/luka/etc/saion/yii-1.1.5.r2654/framework/web/CBaseController.php(199): CContentDecorator->run()
#5 /home/luka/etc/saion/yii-1.1.5.r2654/framework/web/CBaseController.php(294): SiteController->endWidget()
#6 /home/luka/etc/saion/yii-powered-centro/protected/views/layouts/column1.php(7): SiteController->endContent()
#7 /home/luka/etc/saion/yii-1.1.5.r2654/framework/web/CBaseController.php(119): require()
#8 /home/luka/etc/saion/yii-1.1.5.r2654/framework/web/CBaseController.php(88): SiteController->renderInternal()
#9 /home/luka/etc/saion/yii-1.1.5.r2654/framework/web/CController.php(748): SiteController->renderFile()
#10 /home/luka/etc/saion/yii-powered-centro/protected/controllers/SiteController.php(32): SiteController->render()
#11 /home/luka/etc/saion/yii-1.1.5.r2654/framework/web/actions/CInlineAction.php(57): SiteController->actionIndex()
#12 /home/luka/etc/saion/yii-1.1.5.r2654/framework/web/CController.php(300): CInlineAction->run()
#13 /home/luka/etc/saion/yii-1.1.5.r2654/framework/web/CController.php(278): SiteController->runAction()
#14 /home/luka/etc/saion/yii-1.1.5.r2654/framework/web/CController.php(257): SiteController->runActionWithFilters()
#15 /home/luka/etc/saion/yii-1.1.5.r2654/framework/web/CWebApplication.php(324): SiteController->run()
#16 /home/luka/etc/saion/yii-1.1.5.r2654/framework/web/CWebApplication.php(121): CWebApplication->runController()
#17 /home/luka/etc/saion/yii-1.1.5.r2654/framework/base/CApplication.php(135): CWebApplication->processRequest()
#18 /home/luka/etc/saion/yii-powered-centro/index.php(13): CWebApplication->run()
REQUEST_URI=/yii-powered-centro/index.php
in /home/luka/etc/saion/yii-powered-centro/protected/views/layouts/main.php (47)
in /home/luka/etc/saion/yii-powered-centro/protected/views/layouts/column1.php (7)
in /home/luka/etc/saion/yii-powered-centro/protected/controllers/SiteController.php (32)
2011/01/17 00:14:21 [error] [exception.CHttpException.403] exception 'CHttpException' with message 'You are not authorized to perform this action.' in /home/luka/etc/saion/yii-1.1.5.r2654/framework/web/auth/CAccessControlFilter.php:153
Stack trace:
#0 /home/luka/etc/saion/yii-1.1.5.r2654/framework/web/auth/CAccessControlFilter.php(115): CAccessControlFilter->accessDenied(Object(CWebUser), 'You are not aut...')
#1 /home/luka/etc/saion/yii-1.1.5.r2654/framework/web/filters/CFilter.php(39): CAccessControlFilter->preFilter(Object(CFilterChain))
#2 /home/luka/etc/saion/yii-1.1.5.r2654/framework/web/CController.php(1084): CFilter->filter(Object(CFilterChain))
#3 /home/luka/etc/saion/yii-1.1.5.r2654/framework/web/filters/CInlineFilter.php(59): CController->filterAccessControl(Object(CFilterChain))
#4 /home/luka/etc/saion/yii-1.1.5.r2654/framework/web/filters/CFilterChain.php(130): CInlineFilter->filter(Object(CFilterChain))
#5 /home/luka/etc/saion/yii-1.1.5.r2654/framework/web/CController.php(283): CFilterChain->run()
#6 /home/luka/etc/saion/yii-1.1.5.r2654/framework/web/CController.php(257): CController->runActionWithFilters(Object(CInlineAction), Array)
#7 /home/luka/etc/saion/yii-1.1.5.r2654/framework/web/CWebApplication.php(324): CController->run('admin')
#8 /home/luka/etc/saion/yii-1.1.5.r2654/framework/web/CWebApplication.php(121): CWebApplication->runController('company/admin')
#9 /home/luka/etc/saion/yii-1.1.5.r2654/framework/base/CApplication.php(135): CWebApplication->processRequest()
#10 /home/luka/etc/saion/centro_yii-powered/index.php(14): CApplication->run()
#11 {main} REQUEST_URI=/centro_yii-powered/index.php?r=company/admin
2011/01/17 00:14:30 [error] [exception.CHttpException.403] exception 'CHttpException' with message 'You are not authorized to perform this action.' in /home/luka/etc/saion/yii-1.1.5.r2654/framework/web/auth/CAccessControlFilter.php:153
Stack trace:
#0 /home/luka/etc/saion/yii-1.1.5.r2654/framework/web/auth/CAccessControlFilter.php(115): CAccessControlFilter->accessDenied(Object(CWebUser), 'You are not aut...')
#1 /home/luka/etc/saion/yii-1.1.5.r2654/framework/web/filters/CFilter.php(39): CAccessControlFilter->preFilter(Object(CFilterChain))
#2 /home/luka/etc/saion/yii-1.1.5.r2654/framework/web/CController.php(1084): CFilter->filter(Object(CFilterChain))
#3 /home/luka/etc/saion/yii-1.1.5.r2654/framework/web/filters/CInlineFilter.php(59): CController->filterAccessControl(Object(CFilterChain))
#4 /home/luka/etc/saion/yii-1.1.5.r2654/framework/web/filters/CFilterChain.php(130): CInlineFilter->filter(Object(CFilterChain))
#5 /home/luka/etc/saion/yii-1.1.5.r2654/framework/web/CController.php(283): CFilterChain->run()
#6 /home/luka/etc/saion/yii-1.1.5.r2654/framework/web/CController.php(257): CController->runActionWithFilters(Object(CInlineAction), Array)
#7 /home/luka/etc/saion/yii-1.1.5.r2654/framework/web/CWebApplication.php(324): CController->run('admin')
#8 /home/luka/etc/saion/yii-1.1.5.r2654/framework/web/CWebApplication.php(121): CWebApplication->runController('company/admin')
#9 /home/luka/etc/saion/yii-1.1.5.r2654/framework/base/CApplication.php(135): CWebApplication->processRequest()
#10 /home/luka/etc/saion/centro_yii-powered/index.php(14): CApplication->run()
#11 {main} REQUEST_URI=/centro_yii-powered/index.php?r=company/admin
2011/01/17 00:18:06 [error] [exception.CHttpException.404] exception 'CHttpException' with message 'The system is unable to find the requested action "view?id=2".' in /home/luka/etc/saion/yii-1.1.5.r2654/framework/web/CController.php:444
Stack trace:
#0 /home/luka/etc/saion/yii-1.1.5.r2654/framework/web/CController.php(262): CController->missingAction('view?id=2')
#1 /home/luka/etc/saion/yii-1.1.5.r2654/framework/web/CWebApplication.php(324): CController->run('view?id=2')
#2 /home/luka/etc/saion/yii-1.1.5.r2654/framework/web/CWebApplication.php(121): CWebApplication->runController('company/view?id...')
#3 /home/luka/etc/saion/yii-1.1.5.r2654/framework/base/CApplication.php(135): CWebApplication->processRequest()
#4 /home/luka/etc/saion/centro_yii-powered/index.php(14): CApplication->run()
#5 {main} REQUEST_URI=/centro_yii-powered/index.php?r=company/view?id=2
2011/01/17 00:57:35 [error] [system.db.CDbCommand] Error in executing SQL: INSERT INTO `store` (`company_id`, `name`, `address`, `telephone`) VALUES (:yp0, :yp1, :yp2, :yp3)
in /home/luka/etc/saion/centro_yii-powered/protected/controllers/StoreController.php (72)
in /home/luka/etc/saion/centro_yii-powered/index.php (14)
2011/01/17 00:57:35 [error] [exception.CDbException] exception 'CDbException' with message 'CDbCommand failed to execute the SQL statement: SQLSTATE[23000]: Integrity constraint violation: 1452 Cannot add or update a child row: a foreign key constraint fails (`centro_yii`.`store`, CONSTRAINT `store_unit_ibfk_1` FOREIGN KEY (`company_id`) REFERENCES `company` (`id`))' in /home/luka/etc/saion/yii-1.1.5.r2654/framework/db/CDbCommand.php:256
Stack trace:
#0 /home/luka/etc/saion/yii-1.1.5.r2654/framework/db/ar/CActiveRecord.php(1000): CDbCommand->execute()
#1 /home/luka/etc/saion/yii-1.1.5.r2654/framework/db/ar/CActiveRecord.php(764): CActiveRecord->insert(NULL)
#2 /home/luka/etc/saion/centro_yii-powered/protected/controllers/StoreController.php(72): CActiveRecord->save()
#3 /home/luka/etc/saion/yii-1.1.5.r2654/framework/web/actions/CInlineAction.php(57): StoreController->actionCreate()
#4 /home/luka/etc/saion/yii-1.1.5.r2654/framework/web/CController.php(300): CInlineAction->run()
#5 /home/luka/etc/saion/yii-1.1.5.r2654/framework/web/filters/CFilterChain.php(133): CController->runAction(Object(CInlineAction))
#6 /home/luka/etc/saion/yii-1.1.5.r2654/framework/web/filters/CFilter.php(41): CFilterChain->run()
#7 /home/luka/etc/saion/yii-1.1.5.r2654/framework/web/CController.php(1084): CFilter->filter(Object(CFilterChain))
#8 /home/luka/etc/saion/yii-1.1.5.r2654/framework/web/filters/CInlineFilter.php(59): CController->filterAccessControl(Object(CFilterChain))
#9 /home/luka/etc/saion/yii-1.1.5.r2654/framework/web/filters/CFilterChain.php(130): CInlineFilter->filter(Object(CFilterChain))
#10 /home/luka/etc/saion/yii-1.1.5.r2654/framework/web/CController.php(283): CFilterChain->run()
#11 /home/luka/etc/saion/yii-1.1.5.r2654/framework/web/CController.php(257): CController->runActionWithFilters(Object(CInlineAction), Array)
#12 /home/luka/etc/saion/yii-1.1.5.r2654/framework/web/CWebApplication.php(324): CController->run('create')
#13 /home/luka/etc/saion/yii-1.1.5.r2654/framework/web/CWebApplication.php(121): CWebApplication->runController('store/create')
#14 /home/luka/etc/saion/yii-1.1.5.r2654/framework/base/CApplication.php(135): CWebApplication->processRequest()
#15 /home/luka/etc/saion/centro_yii-powered/index.php(14): CApplication->run()
#16 {main} REQUEST_URI=/centro_yii-powered/index.php?r=store/create
2011/01/25 19:58:05 [error] [exception.CDbException] exception 'CDbException' with message 'CDbConnection failed to open the DB connection: SQLSTATE[HY000] [2013] Lost connection to MySQL server at 'reading initial communication packet', system error: 111' in /home/luka/etc/saion/yii-1.1.5.r2654/framework/db/CDbConnection.php:269
Stack trace:
#0 /home/luka/etc/saion/yii-1.1.5.r2654/framework/db/CDbConnection.php(242): CDbConnection->open()
#1 /home/luka/etc/saion/yii-1.1.5.r2654/framework/db/CDbConnection.php(221): CDbConnection->setActive(true)
#2 /home/luka/etc/saion/yii-1.1.5.r2654/framework/base/CModule.php(372): CDbConnection->init()
#3 /home/luka/etc/saion/yii-1.1.5.r2654/framework/base/CApplication.php(406): CModule->getComponent('db')
#4 /home/luka/etc/saion/yii-1.1.5.r2654/framework/db/ar/CActiveRecord.php(589): CApplication->getDb()
#5 /home/luka/etc/saion/yii-1.1.5.r2654/framework/db/ar/CActiveRecord.php(2167): CActiveRecord->getDbConnection()
#6 /home/luka/etc/saion/yii-1.1.5.r2654/framework/db/ar/CActiveRecord.php(353): CActiveRecordMetaData->__construct(Object(Store))
#7 /home/luka/etc/saion/yii-1.1.5.r2654/framework/web/CActiveDataProvider.php(63): CActiveRecord::model('Store')
#8 /home/luka/etc/saion/centro_yii-powered/protected/controllers/StoreController.php(130): CActiveDataProvider->__construct('Store')
#9 /home/luka/etc/saion/yii-1.1.5.r2654/framework/web/actions/CInlineAction.php(57): StoreController->actionIndex()
#10 /home/luka/etc/saion/yii-1.1.5.r2654/framework/web/CController.php(300): CInlineAction->run()
#11 /home/luka/etc/saion/yii-1.1.5.r2654/framework/web/filters/CFilterChain.php(133): CController->runAction(Object(CInlineAction))
#12 /home/luka/etc/saion/yii-1.1.5.r2654/framework/web/filters/CFilter.php(41): CFilterChain->run()
#13 /home/luka/etc/saion/yii-1.1.5.r2654/framework/web/CController.php(1084): CFilter->filter(Object(CFilterChain))
#14 /home/luka/etc/saion/yii-1.1.5.r2654/framework/web/filters/CInlineFilter.php(59): CController->filterAccessControl(Object(CFilterChain))
#15 /home/luka/etc/saion/yii-1.1.5.r2654/framework/web/filters/CFilterChain.php(130): CInlineFilter->filter(Object(CFilterChain))
#16 /home/luka/etc/saion/yii-1.1.5.r2654/framework/web/CController.php(283): CFilterChain->run()
#17 /home/luka/etc/saion/yii-1.1.5.r2654/framework/web/CController.php(257): CController->runActionWithFilters(Object(CInlineAction), Array)
#18 /home/luka/etc/saion/yii-1.1.5.r2654/framework/web/CWebApplication.php(324): CController->run('index')
#19 /home/luka/etc/saion/yii-1.1.5.r2654/framework/web/CWebApplication.php(121): CWebApplication->runController('store/index')
#20 /home/luka/etc/saion/yii-1.1.5.r2654/framework/base/CApplication.php(135): CWebApplication->processRequest()
#21 /home/luka/etc/saion/centro_yii-powered/index.php(14): CApplication->run()
#22 {main} REQUEST_URI=/centro_yii-powered/index.php?r=store/index
