DEBUG:root:Logging debug facility re-started ...
DEBUG:root:Python locale set to sl_SI
DEBUG:root:Logging debug facility re-started ...
DEBUG:root:Python locale set to sl_SI
DEBUG:root:Logging debug facility re-started ...
DEBUG:root:Python locale set to sl_SI
DEBUG:root:Logging debug facility re-started ...
DEBUG:root:Python locale set to sl_SI
DEBUG:django.db.backends:(0.038) SELECT "django_session"."session_key", "django_session"."session_data", "django_session"."expire_date" FROM "django_session" WHERE ("django_session"."session_key" = 64e51d8c53f6a0b2f3c52628c68f38ad  AND "django_session"."expire_date" > 2011-05-06 15:51:48.423507 ); args=('64e51d8c53f6a0b2f3c52628c68f38ad', u'2011-05-06 15:51:48.423507')
DEBUG:django.db.backends:(0.000) SELECT "auth_user"."id", "auth_user"."username", "auth_user"."first_name", "auth_user"."last_name", "auth_user"."email", "auth_user"."password", "auth_user"."is_staff", "auth_user"."is_active", "auth_user"."is_superuser", "auth_user"."last_login", "auth_user"."date_joined" FROM "auth_user" WHERE "auth_user"."id" = 1 ; args=(1,)
DEBUG:django.db.backends:(0.000) SELECT "auth_message"."id", "auth_message"."user_id", "auth_message"."message" FROM "auth_message" WHERE "auth_message"."user_id" = 1 ; args=(1,)
DEBUG:django.db.backends:(0.001) SELECT "django_admin_log"."id", "django_admin_log"."action_time", "django_admin_log"."user_id", "django_admin_log"."content_type_id", "django_admin_log"."object_id", "django_admin_log"."object_repr", "django_admin_log"."action_flag", "django_admin_log"."change_message", "auth_user"."id", "auth_user"."username", "auth_user"."first_name", "auth_user"."last_name", "auth_user"."email", "auth_user"."password", "auth_user"."is_staff", "auth_user"."is_active", "auth_user"."is_superuser", "auth_user"."last_login", "auth_user"."date_joined", "django_content_type"."id", "django_content_type"."name", "django_content_type"."app_label", "django_content_type"."model" FROM "django_admin_log" INNER JOIN "auth_user" ON ("django_admin_log"."user_id" = "auth_user"."id") LEFT OUTER JOIN "django_content_type" ON ("django_admin_log"."content_type_id" = "django_content_type"."id") WHERE "django_admin_log"."user_id" = 1  ORDER BY "django_admin_log"."action_time" DESC LIMIT 10; args=(1,)
DEBUG:django.db.backends:(0.002) SELECT "django_session"."session_key", "django_session"."session_data", "django_session"."expire_date" FROM "django_session" WHERE ("django_session"."session_key" = 64e51d8c53f6a0b2f3c52628c68f38ad  AND "django_session"."expire_date" > 2011-05-06 15:51:53.610508 ); args=('64e51d8c53f6a0b2f3c52628c68f38ad', u'2011-05-06 15:51:53.610508')
DEBUG:django.db.backends:(0.000) SELECT "auth_user"."id", "auth_user"."username", "auth_user"."first_name", "auth_user"."last_name", "auth_user"."email", "auth_user"."password", "auth_user"."is_staff", "auth_user"."is_active", "auth_user"."is_superuser", "auth_user"."last_login", "auth_user"."date_joined" FROM "auth_user" WHERE "auth_user"."id" = 1 ; args=(1,)
DEBUG:django.db.backends:(0.000) SELECT "django_session"."session_key", "django_session"."session_data", "django_session"."expire_date" FROM "django_session" WHERE "django_session"."session_key" = 64e51d8c53f6a0b2f3c52628c68f38ad ; args=('64e51d8c53f6a0b2f3c52628c68f38ad',)
DEBUG:django.db.backends:(0.000) DELETE FROM "django_session" WHERE "session_key" IN (64e51d8c53f6a0b2f3c52628c68f38ad); args=(u'64e51d8c53f6a0b2f3c52628c68f38ad',)
DEBUG:django.db.backends:(0.000) SELECT "django_session"."session_key", "django_session"."session_data", "django_session"."expire_date" FROM "django_session" WHERE "django_session"."session_key" = a1113af367f7ee73f9e65f18590d2d0a ; args=('a1113af367f7ee73f9e65f18590d2d0a',)
DEBUG:django.db.backends:(0.000) INSERT INTO "django_session" ("session_key", "session_data", "expire_date") VALUES (a1113af367f7ee73f9e65f18590d2d0a, NmYwNTJhNDg5ZDUzZjUzYWM1NDc2OTBmYTllNmZkNGI4NzMwNDg2YjqAAn1xAS4=
, 2011-05-20 15:51:53.717245); args=('a1113af367f7ee73f9e65f18590d2d0a', 'NmYwNTJhNDg5ZDUzZjUzYWM1NDc2OTBmYTllNmZkNGI4NzMwNDg2YjqAAn1xAS4=\n', u'2011-05-20 15:51:53.717245')
DEBUG:django.db.backends:(0.000) SELECT (1) AS "a" FROM "django_session" WHERE "django_session"."session_key" = a1113af367f7ee73f9e65f18590d2d0a  LIMIT 1; args=('a1113af367f7ee73f9e65f18590d2d0a',)
DEBUG:django.db.backends:(0.000) UPDATE "django_session" SET "session_data" = NmYwNTJhNDg5ZDUzZjUzYWM1NDc2OTBmYTllNmZkNGI4NzMwNDg2YjqAAn1xAS4=
, "expire_date" = 2011-05-20 15:51:53.847605 WHERE "django_session"."session_key" = a1113af367f7ee73f9e65f18590d2d0a ; args=('NmYwNTJhNDg5ZDUzZjUzYWM1NDc2OTBmYTllNmZkNGI4NzMwNDg2YjqAAn1xAS4=\n', u'2011-05-20 15:51:53.847605', 'a1113af367f7ee73f9e65f18590d2d0a')
DEBUG:django.db.backends:(0.005) SELECT "companies_terminal"."id", "companies_terminal"."name", "companies_terminal"."store_id" FROM "companies_terminal" WHERE "companies_terminal"."id" = 1 ; args=(1,)
DEBUG:django.db.backends:(0.000) SELECT "companies_terminal"."id", "companies_terminal"."name", "companies_terminal"."store_id" FROM "companies_terminal" WHERE "companies_terminal"."id" = 1 ; args=(1,)
DEBUG:django.db.backends:(0.001) SELECT "auth_user"."id", "auth_user"."username", "auth_user"."first_name", "auth_user"."last_name", "auth_user"."email", "auth_user"."password", "auth_user"."is_staff", "auth_user"."is_active", "auth_user"."is_superuser", "auth_user"."last_login", "auth_user"."date_joined" FROM "auth_user" INNER JOIN "accounts_userprofile" ON ("auth_user"."id" = "accounts_userprofile"."user_id") INNER JOIN "accounts_userprofile_terminals" ON ("accounts_userprofile"."id" = "accounts_userprofile_terminals"."userprofile_id") WHERE ("accounts_userprofile_terminals"."terminal_id" IN (1) AND "auth_user"."is_active" = True ); args=(1, True)
DEBUG:django.db.backends:(0.000) SELECT "django_session"."session_key", "django_session"."session_data", "django_session"."expire_date" FROM "django_session" WHERE ("django_session"."session_key" = a1113af367f7ee73f9e65f18590d2d0a  AND "django_session"."expire_date" > 2011-05-06 15:51:59.396757 ); args=('a1113af367f7ee73f9e65f18590d2d0a', u'2011-05-06 15:51:59.396757')
DEBUG:django.db.backends:(0.000) SELECT "accounts_userprofile"."id", "accounts_userprofile"."user_id", "accounts_userprofile"."avatar" FROM "accounts_userprofile" WHERE "accounts_userprofile"."user_id" = 1 ; args=(1,)
DEBUG:django.db.backends:(0.000) SELECT "accounts_userprofile"."id", "accounts_userprofile"."user_id", "accounts_userprofile"."avatar" FROM "accounts_userprofile" WHERE "accounts_userprofile"."user_id" = 7 ; args=(7,)
DEBUG:django.db.backends:(0.000) SELECT "companies_store"."id", "companies_store"."name", "companies_store"."address", "companies_store"."telephone", "companies_store"."company_id" FROM "companies_store" WHERE "companies_store"."id" = 1 ; args=(1,)
DEBUG:django.db.backends:(0.000) SELECT (1) AS "a" FROM "django_session" WHERE "django_session"."session_key" = a1113af367f7ee73f9e65f18590d2d0a  LIMIT 1; args=('a1113af367f7ee73f9e65f18590d2d0a',)
DEBUG:django.db.backends:(0.000) UPDATE "django_session" SET "session_data" = OTY3MDllYjliZTIzNzgzODY3ZDVjMzkyZDk3MzdmYmQ5NTFhM2JmYjqAAn1xAVUKdGVzdGNvb2tp
ZXECVQZ3b3JrZWRxA3Mu
, "expire_date" = 2011-05-20 15:51:59.476894 WHERE "django_session"."session_key" = a1113af367f7ee73f9e65f18590d2d0a ; args=('OTY3MDllYjliZTIzNzgzODY3ZDVjMzkyZDk3MzdmYmQ5NTFhM2JmYjqAAn1xAVUKdGVzdGNvb2tp\nZXECVQZ3b3JrZWRxA3Mu\n', u'2011-05-20 15:51:59.476894', 'a1113af367f7ee73f9e65f18590d2d0a')
DEBUG:django.db.backends:(0.003) SELECT "auth_user"."id", "auth_user"."username", "auth_user"."first_name", "auth_user"."last_name", "auth_user"."email", "auth_user"."password", "auth_user"."is_staff", "auth_user"."is_active", "auth_user"."is_superuser", "auth_user"."last_login", "auth_user"."date_joined" FROM "auth_user" WHERE "auth_user"."username" = izi ; args=(u'izi',)
DEBUG:django.db.backends:(0.000) SELECT "django_session"."session_key", "django_session"."session_data", "django_session"."expire_date" FROM "django_session" WHERE ("django_session"."session_key" = a1113af367f7ee73f9e65f18590d2d0a  AND "django_session"."expire_date" > 2011-05-06 15:52:08.056983 ); args=('a1113af367f7ee73f9e65f18590d2d0a', u'2011-05-06 15:52:08.056983')
DEBUG:django.db.backends:(0.000) SELECT "django_session"."session_key", "django_session"."session_data", "django_session"."expire_date" FROM "django_session" WHERE "django_session"."session_key" = 3f63886b152ab8a884afb37e19c0b0bb ; args=('3f63886b152ab8a884afb37e19c0b0bb',)
DEBUG:django.db.backends:(0.000) INSERT INTO "django_session" ("session_key", "session_data", "expire_date") VALUES (3f63886b152ab8a884afb37e19c0b0bb, OWMxNjllMjg2MDkyMzdhZmE5Yjg4NTU4NGM5NWE0ZjA3MmEyYTAwYzqAAn1xAVUKdGVzdGNvb2tp
ZVUGd29ya2Vkcy4=
, 2011-05-20 15:52:08.065040); args=('3f63886b152ab8a884afb37e19c0b0bb', 'OWMxNjllMjg2MDkyMzdhZmE5Yjg4NTU4NGM5NWE0ZjA3MmEyYTAwYzqAAn1xAVUKdGVzdGNvb2tp\nZVUGd29ya2Vkcy4=\n', u'2011-05-20 15:52:08.065040')
DEBUG:django.db.backends:(0.000) SELECT "django_session"."session_key", "django_session"."session_data", "django_session"."expire_date" FROM "django_session" WHERE "django_session"."session_key" = a1113af367f7ee73f9e65f18590d2d0a ; args=('a1113af367f7ee73f9e65f18590d2d0a',)
DEBUG:django.db.backends:(0.000) DELETE FROM "django_session" WHERE "session_key" IN (a1113af367f7ee73f9e65f18590d2d0a); args=(u'a1113af367f7ee73f9e65f18590d2d0a',)
DEBUG:django.db.backends:(0.000) SELECT "auth_user"."id", "auth_user"."username", "auth_user"."first_name", "auth_user"."last_name", "auth_user"."email", "auth_user"."password", "auth_user"."is_staff", "auth_user"."is_active", "auth_user"."is_superuser", "auth_user"."last_login", "auth_user"."date_joined" FROM "auth_user" WHERE "auth_user"."id" = 7 ; args=(7,)
DEBUG:django.db.backends:(0.000) SELECT (1) AS "a" FROM "auth_user" WHERE "auth_user"."id" = 7  LIMIT 1; args=(7,)
DEBUG:django.db.backends:(0.000) UPDATE "auth_user" SET "username" = izi, "first_name" = Izudin, "last_name" = Hadzić, "email" = izi@mail.si, "password" = sha1$5f2b7$2490c3ad44de82832c879ceb8384f0a64442bfd3, "is_staff" = True, "is_active" = True, "is_superuser" = False, "last_login" = 2011-05-06 15:52:08.200673, "date_joined" = 2011-05-04 15:06:22 WHERE "auth_user"."id" = 7 ; args=(u'izi', u'Izudin', u'Hadzi\u0107', u'izi@mail.si', u'sha1$5f2b7$2490c3ad44de82832c879ceb8384f0a64442bfd3', True, True, False, u'2011-05-06 15:52:08.200673', u'2011-05-04 15:06:22', 7)
DEBUG:django.db.backends:(0.000) SELECT (1) AS "a" FROM "django_session" WHERE "django_session"."session_key" = 3f63886b152ab8a884afb37e19c0b0bb  LIMIT 1; args=('3f63886b152ab8a884afb37e19c0b0bb',)
DEBUG:django.db.backends:(0.000) UPDATE "django_session" SET "session_data" = MDcwYTY1NGVmOTNiNGJmMGYzMzNhYTFjMWE2ZmE3OGI0OGJjOTU2ZjqAAn1xAShVCnRlc3Rjb29r
aWVVBndvcmtlZFUSX2F1dGhfdXNlcl9iYWNrZW5kcQJVKWRqYW5nby5jb250cmliLmF1dGguYmFj
a2VuZHMuTW9kZWxCYWNrZW5kcQNVDV9hdXRoX3VzZXJfaWRxBEsHdS4=
, "expire_date" = 2011-05-20 15:52:08.272806 WHERE "django_session"."session_key" = 3f63886b152ab8a884afb37e19c0b0bb ; args=('MDcwYTY1NGVmOTNiNGJmMGYzMzNhYTFjMWE2ZmE3OGI0OGJjOTU2ZjqAAn1xAShVCnRlc3Rjb29r\naWVVBndvcmtlZFUSX2F1dGhfdXNlcl9iYWNrZW5kcQJVKWRqYW5nby5jb250cmliLmF1dGguYmFj\na2VuZHMuTW9kZWxCYWNrZW5kcQNVDV9hdXRoX3VzZXJfaWRxBEsHdS4=\n', u'2011-05-20 15:52:08.272806', '3f63886b152ab8a884afb37e19c0b0bb')
DEBUG:django.db.backends:(0.007) SELECT "django_session"."session_key", "django_session"."session_data", "django_session"."expire_date" FROM "django_session" WHERE ("django_session"."session_key" = 3f63886b152ab8a884afb37e19c0b0bb  AND "django_session"."expire_date" > 2011-05-06 15:52:08.372164 ); args=('3f63886b152ab8a884afb37e19c0b0bb', u'2011-05-06 15:52:08.372164')
DEBUG:django.db.backends:(0.000) SELECT "auth_user"."id", "auth_user"."username", "auth_user"."first_name", "auth_user"."last_name", "auth_user"."email", "auth_user"."password", "auth_user"."is_staff", "auth_user"."is_active", "auth_user"."is_superuser", "auth_user"."last_login", "auth_user"."date_joined" FROM "auth_user" WHERE "auth_user"."id" = 7 ; args=(7,)
DEBUG:django.db.backends:(0.000) SELECT "auth_permission"."id", "auth_permission"."name", "auth_permission"."content_type_id", "auth_permission"."codename", "django_content_type"."id", "django_content_type"."name", "django_content_type"."app_label", "django_content_type"."model" FROM "auth_permission" INNER JOIN "auth_user_user_permissions" ON ("auth_permission"."id" = "auth_user_user_permissions"."permission_id") INNER JOIN "django_content_type" ON ("auth_permission"."content_type_id" = "django_content_type"."id") WHERE "auth_user_user_permissions"."user_id" = 7  ORDER BY "django_content_type"."app_label" ASC, "django_content_type"."model" ASC, "auth_permission"."codename" ASC; args=(7,)
DEBUG:django.db.backends:(0.000) SELECT "django_content_type"."app_label", "auth_permission"."codename" FROM "auth_permission" INNER JOIN "auth_group_permissions" ON ("auth_permission"."id" = "auth_group_permissions"."permission_id") INNER JOIN "auth_group" ON ("auth_group_permissions"."group_id" = "auth_group"."id") INNER JOIN "auth_user_groups" ON ("auth_group"."id" = "auth_user_groups"."group_id") INNER JOIN "django_content_type" ON ("auth_permission"."content_type_id" = "django_content_type"."id") WHERE "auth_user_groups"."user_id" = 7 ; args=(7,)
DEBUG:django.db.backends:(0.000) SELECT "auth_message"."id", "auth_message"."user_id", "auth_message"."message" FROM "auth_message" WHERE "auth_message"."user_id" = 7 ; args=(7,)
DEBUG:django.db.backends:(0.000) SELECT "django_admin_log"."id", "django_admin_log"."action_time", "django_admin_log"."user_id", "django_admin_log"."content_type_id", "django_admin_log"."object_id", "django_admin_log"."object_repr", "django_admin_log"."action_flag", "django_admin_log"."change_message", "auth_user"."id", "auth_user"."username", "auth_user"."first_name", "auth_user"."last_name", "auth_user"."email", "auth_user"."password", "auth_user"."is_staff", "auth_user"."is_active", "auth_user"."is_superuser", "auth_user"."last_login", "auth_user"."date_joined", "django_content_type"."id", "django_content_type"."name", "django_content_type"."app_label", "django_content_type"."model" FROM "django_admin_log" INNER JOIN "auth_user" ON ("django_admin_log"."user_id" = "auth_user"."id") LEFT OUTER JOIN "django_content_type" ON ("django_admin_log"."content_type_id" = "django_content_type"."id") WHERE "django_admin_log"."user_id" = 7  ORDER BY "django_admin_log"."action_time" DESC LIMIT 10; args=(7,)
DEBUG:django.db.backends:(0.003) SELECT "django_session"."session_key", "django_session"."session_data", "django_session"."expire_date" FROM "django_session" WHERE ("django_session"."session_key" = 3f63886b152ab8a884afb37e19c0b0bb  AND "django_session"."expire_date" > 2011-05-06 15:52:15.937212 ); args=('3f63886b152ab8a884afb37e19c0b0bb', u'2011-05-06 15:52:15.937212')
DEBUG:django.db.backends:(0.000) SELECT "auth_user"."id", "auth_user"."username", "auth_user"."first_name", "auth_user"."last_name", "auth_user"."email", "auth_user"."password", "auth_user"."is_staff", "auth_user"."is_active", "auth_user"."is_superuser", "auth_user"."last_login", "auth_user"."date_joined" FROM "auth_user" WHERE "auth_user"."id" = 7 ; args=(7,)
DEBUG:django.db.backends:(0.001) SELECT "auth_permission"."id", "auth_permission"."name", "auth_permission"."content_type_id", "auth_permission"."codename", "django_content_type"."id", "django_content_type"."name", "django_content_type"."app_label", "django_content_type"."model" FROM "auth_permission" INNER JOIN "auth_user_user_permissions" ON ("auth_permission"."id" = "auth_user_user_permissions"."permission_id") INNER JOIN "django_content_type" ON ("auth_permission"."content_type_id" = "django_content_type"."id") WHERE "auth_user_user_permissions"."user_id" = 7  ORDER BY "django_content_type"."app_label" ASC, "django_content_type"."model" ASC, "auth_permission"."codename" ASC; args=(7,)
DEBUG:django.db.backends:(0.000) SELECT "django_content_type"."app_label", "auth_permission"."codename" FROM "auth_permission" INNER JOIN "auth_group_permissions" ON ("auth_permission"."id" = "auth_group_permissions"."permission_id") INNER JOIN "auth_group" ON ("auth_group_permissions"."group_id" = "auth_group"."id") INNER JOIN "auth_user_groups" ON ("auth_group"."id" = "auth_user_groups"."group_id") INNER JOIN "django_content_type" ON ("auth_permission"."content_type_id" = "django_content_type"."id") WHERE "auth_user_groups"."user_id" = 7 ; args=(7,)
DEBUG:django.db.backends:(0.002) SELECT "companies_company"."id", "companies_company"."name", "companies_company"."address", "companies_company"."email", "companies_company"."identification" FROM "companies_company" ORDER BY "companies_company"."name" ASC; args=()
DEBUG:django.db.backends:(0.000) SELECT "modules_module"."id", "modules_module"."path", "modules_module"."sort", "modules_module"."parent_id" FROM "modules_module" LEFT OUTER JOIN "modules_module" T2 ON ("modules_module"."parent_id" = T2."id") WHERE T2."id" IS NULL ORDER BY "modules_module"."sort" ASC; args=()
DEBUG:multilingual_model:Regular expression not matched but translated field detected.
DEBUG:django.db.backends:(0.000) SELECT "modules_moduletranslation"."id", "modules_moduletranslation"."language_code", "modules_moduletranslation"."parent_id", "modules_moduletranslation"."name", "modules_moduletranslation"."description", "modules_module"."id", "modules_module"."path", "modules_module"."sort", "modules_module"."parent_id" FROM "modules_moduletranslation" INNER JOIN "modules_module" ON ("modules_moduletranslation"."parent_id" = "modules_module"."id") WHERE ("modules_moduletranslation"."parent_id" = 6  AND "modules_moduletranslation"."language_code" = sl ); args=(6, 'sl')
DEBUG:multilingual_model:Matched with field name for language sl. Attempting lookup.
DEBUG:multilingual_model:Translation not found in cache.
DEBUG:multilingual_model:Found translation object ModuleTranslation object, returning value Prodaja.
DEBUG:multilingual_model:Regular expression not matched but translated field detected.
DEBUG:django.db.backends:(0.000) SELECT "modules_moduletranslation"."id", "modules_moduletranslation"."language_code", "modules_moduletranslation"."parent_id", "modules_moduletranslation"."name", "modules_moduletranslation"."description", "modules_module"."id", "modules_module"."path", "modules_module"."sort", "modules_module"."parent_id" FROM "modules_moduletranslation" INNER JOIN "modules_module" ON ("modules_moduletranslation"."parent_id" = "modules_module"."id") WHERE ("modules_moduletranslation"."parent_id" = 7  AND "modules_moduletranslation"."language_code" = sl ); args=(7, 'sl')
DEBUG:multilingual_model:Matched with field name for language sl. Attempting lookup.
DEBUG:multilingual_model:Translation not found in cache.
DEBUG:multilingual_model:Found translation object ModuleTranslation object, returning value Skladišče.
DEBUG:multilingual_model:Regular expression not matched but translated field detected.
DEBUG:django.db.backends:(0.000) SELECT "modules_moduletranslation"."id", "modules_moduletranslation"."language_code", "modules_moduletranslation"."parent_id", "modules_moduletranslation"."name", "modules_moduletranslation"."description", "modules_module"."id", "modules_module"."path", "modules_module"."sort", "modules_module"."parent_id" FROM "modules_moduletranslation" INNER JOIN "modules_module" ON ("modules_moduletranslation"."parent_id" = "modules_module"."id") WHERE ("modules_moduletranslation"."parent_id" = 4  AND "modules_moduletranslation"."language_code" = sl ); args=(4, 'sl')
DEBUG:multilingual_model:Matched with field name for language sl. Attempting lookup.
DEBUG:multilingual_model:Translation not found in cache.
DEBUG:multilingual_model:Found translation object ModuleTranslation object, returning value Artikli.
DEBUG:multilingual_model:Regular expression not matched but translated field detected.
DEBUG:django.db.backends:(0.000) SELECT "modules_moduletranslation"."id", "modules_moduletranslation"."language_code", "modules_moduletranslation"."parent_id", "modules_moduletranslation"."name", "modules_moduletranslation"."description", "modules_module"."id", "modules_module"."path", "modules_module"."sort", "modules_module"."parent_id" FROM "modules_moduletranslation" INNER JOIN "modules_module" ON ("modules_moduletranslation"."parent_id" = "modules_module"."id") WHERE ("modules_moduletranslation"."parent_id" = 2  AND "modules_moduletranslation"."language_code" = sl ); args=(2, 'sl')
DEBUG:multilingual_model:Matched with field name for language sl. Attempting lookup.
DEBUG:multilingual_model:Translation not found in cache.
DEBUG:multilingual_model:Found translation object ModuleTranslation object, returning value Stranke.
DEBUG:multilingual_model:Regular expression not matched but translated field detected.
DEBUG:django.db.backends:(0.000) SELECT "modules_moduletranslation"."id", "modules_moduletranslation"."language_code", "modules_moduletranslation"."parent_id", "modules_moduletranslation"."name", "modules_moduletranslation"."description", "modules_module"."id", "modules_module"."path", "modules_module"."sort", "modules_module"."parent_id" FROM "modules_moduletranslation" INNER JOIN "modules_module" ON ("modules_moduletranslation"."parent_id" = "modules_module"."id") WHERE ("modules_moduletranslation"."parent_id" = 3  AND "modules_moduletranslation"."language_code" = sl ); args=(3, 'sl')
DEBUG:multilingual_model:Matched with field name for language sl. Attempting lookup.
DEBUG:multilingual_model:Translation not found in cache.
DEBUG:multilingual_model:Found translation object ModuleTranslation object, returning value Osebje.
DEBUG:multilingual_model:Regular expression not matched but translated field detected.
DEBUG:django.db.backends:(0.000) SELECT "modules_moduletranslation"."id", "modules_moduletranslation"."language_code", "modules_moduletranslation"."parent_id", "modules_moduletranslation"."name", "modules_moduletranslation"."description", "modules_module"."id", "modules_module"."path", "modules_module"."sort", "modules_module"."parent_id" FROM "modules_moduletranslation" INNER JOIN "modules_module" ON ("modules_moduletranslation"."parent_id" = "modules_module"."id") WHERE ("modules_moduletranslation"."parent_id" = 5  AND "modules_moduletranslation"."language_code" = sl ); args=(5, 'sl')
DEBUG:multilingual_model:Matched with field name for language sl. Attempting lookup.
DEBUG:multilingual_model:Translation not found in cache.
DEBUG:multilingual_model:Found translation object ModuleTranslation object, returning value Poročila.
DEBUG:multilingual_model:Regular expression not matched but translated field detected.
DEBUG:django.db.backends:(0.000) SELECT "modules_moduletranslation"."id", "modules_moduletranslation"."language_code", "modules_moduletranslation"."parent_id", "modules_moduletranslation"."name", "modules_moduletranslation"."description", "modules_module"."id", "modules_module"."path", "modules_module"."sort", "modules_module"."parent_id" FROM "modules_moduletranslation" INNER JOIN "modules_module" ON ("modules_moduletranslation"."parent_id" = "modules_module"."id") WHERE ("modules_moduletranslation"."parent_id" = 1  AND "modules_moduletranslation"."language_code" = sl ); args=(1, 'sl')
DEBUG:multilingual_model:Matched with field name for language sl. Attempting lookup.
DEBUG:multilingual_model:Translation not found in cache.
DEBUG:multilingual_model:Found translation object ModuleTranslation object, returning value Nastavitve sistema.
DEBUG:django.db.backends:(0.000) SELECT "django_session"."session_key", "django_session"."session_data", "django_session"."expire_date" FROM "django_session" WHERE ("django_session"."session_key" = 3f63886b152ab8a884afb37e19c0b0bb  AND "django_session"."expire_date" > 2011-05-06 15:52:27.515781 ); args=('3f63886b152ab8a884afb37e19c0b0bb', u'2011-05-06 15:52:27.515781')
DEBUG:django.db.backends:(0.000) SELECT "auth_user"."id", "auth_user"."username", "auth_user"."first_name", "auth_user"."last_name", "auth_user"."email", "auth_user"."password", "auth_user"."is_staff", "auth_user"."is_active", "auth_user"."is_superuser", "auth_user"."last_login", "auth_user"."date_joined" FROM "auth_user" WHERE "auth_user"."id" = 7 ; args=(7,)
DEBUG:django.db.backends:(0.004) SELECT "companies_company"."id", "companies_company"."name", "companies_company"."address", "companies_company"."email", "companies_company"."identification" FROM "companies_company" ORDER BY "companies_company"."name" ASC; args=()
DEBUG:django.db.backends:(0.000) SELECT "modules_module"."id", "modules_module"."path", "modules_module"."sort", "modules_module"."parent_id" FROM "modules_module" LEFT OUTER JOIN "modules_module" T2 ON ("modules_module"."parent_id" = T2."id") WHERE T2."id" IS NULL ORDER BY "modules_module"."sort" ASC; args=()
DEBUG:multilingual_model:Regular expression not matched but translated field detected.
DEBUG:django.db.backends:(0.000) SELECT "modules_moduletranslation"."id", "modules_moduletranslation"."language_code", "modules_moduletranslation"."parent_id", "modules_moduletranslation"."name", "modules_moduletranslation"."description", "modules_module"."id", "modules_module"."path", "modules_module"."sort", "modules_module"."parent_id" FROM "modules_moduletranslation" INNER JOIN "modules_module" ON ("modules_moduletranslation"."parent_id" = "modules_module"."id") WHERE ("modules_moduletranslation"."parent_id" = 6  AND "modules_moduletranslation"."language_code" = sl ); args=(6, 'sl')
DEBUG:multilingual_model:Matched with field name for language sl. Attempting lookup.
DEBUG:multilingual_model:Translation not found in cache.
DEBUG:multilingual_model:Found translation object ModuleTranslation object, returning value Prodaja.
DEBUG:multilingual_model:Regular expression not matched but translated field detected.
DEBUG:django.db.backends:(0.000) SELECT "modules_moduletranslation"."id", "modules_moduletranslation"."language_code", "modules_moduletranslation"."parent_id", "modules_moduletranslation"."name", "modules_moduletranslation"."description", "modules_module"."id", "modules_module"."path", "modules_module"."sort", "modules_module"."parent_id" FROM "modules_moduletranslation" INNER JOIN "modules_module" ON ("modules_moduletranslation"."parent_id" = "modules_module"."id") WHERE ("modules_moduletranslation"."parent_id" = 7  AND "modules_moduletranslation"."language_code" = sl ); args=(7, 'sl')
DEBUG:multilingual_model:Matched with field name for language sl. Attempting lookup.
DEBUG:multilingual_model:Translation not found in cache.
DEBUG:multilingual_model:Found translation object ModuleTranslation object, returning value Skladišče.
DEBUG:multilingual_model:Regular expression not matched but translated field detected.
DEBUG:django.db.backends:(0.000) SELECT "modules_moduletranslation"."id", "modules_moduletranslation"."language_code", "modules_moduletranslation"."parent_id", "modules_moduletranslation"."name", "modules_moduletranslation"."description", "modules_module"."id", "modules_module"."path", "modules_module"."sort", "modules_module"."parent_id" FROM "modules_moduletranslation" INNER JOIN "modules_module" ON ("modules_moduletranslation"."parent_id" = "modules_module"."id") WHERE ("modules_moduletranslation"."parent_id" = 4  AND "modules_moduletranslation"."language_code" = sl ); args=(4, 'sl')
DEBUG:multilingual_model:Matched with field name for language sl. Attempting lookup.
DEBUG:multilingual_model:Translation not found in cache.
DEBUG:multilingual_model:Found translation object ModuleTranslation object, returning value Artikli.
DEBUG:multilingual_model:Regular expression not matched but translated field detected.
DEBUG:django.db.backends:(0.000) SELECT "modules_moduletranslation"."id", "modules_moduletranslation"."language_code", "modules_moduletranslation"."parent_id", "modules_moduletranslation"."name", "modules_moduletranslation"."description", "modules_module"."id", "modules_module"."path", "modules_module"."sort", "modules_module"."parent_id" FROM "modules_moduletranslation" INNER JOIN "modules_module" ON ("modules_moduletranslation"."parent_id" = "modules_module"."id") WHERE ("modules_moduletranslation"."parent_id" = 2  AND "modules_moduletranslation"."language_code" = sl ); args=(2, 'sl')
DEBUG:multilingual_model:Matched with field name for language sl. Attempting lookup.
DEBUG:multilingual_model:Translation not found in cache.
DEBUG:multilingual_model:Found translation object ModuleTranslation object, returning value Stranke.
DEBUG:multilingual_model:Regular expression not matched but translated field detected.
DEBUG:django.db.backends:(0.000) SELECT "modules_moduletranslation"."id", "modules_moduletranslation"."language_code", "modules_moduletranslation"."parent_id", "modules_moduletranslation"."name", "modules_moduletranslation"."description", "modules_module"."id", "modules_module"."path", "modules_module"."sort", "modules_module"."parent_id" FROM "modules_moduletranslation" INNER JOIN "modules_module" ON ("modules_moduletranslation"."parent_id" = "modules_module"."id") WHERE ("modules_moduletranslation"."parent_id" = 3  AND "modules_moduletranslation"."language_code" = sl ); args=(3, 'sl')
DEBUG:multilingual_model:Matched with field name for language sl. Attempting lookup.
DEBUG:multilingual_model:Translation not found in cache.
DEBUG:multilingual_model:Found translation object ModuleTranslation object, returning value Osebje.
DEBUG:multilingual_model:Regular expression not matched but translated field detected.
DEBUG:django.db.backends:(0.000) SELECT "modules_moduletranslation"."id", "modules_moduletranslation"."language_code", "modules_moduletranslation"."parent_id", "modules_moduletranslation"."name", "modules_moduletranslation"."description", "modules_module"."id", "modules_module"."path", "modules_module"."sort", "modules_module"."parent_id" FROM "modules_moduletranslation" INNER JOIN "modules_module" ON ("modules_moduletranslation"."parent_id" = "modules_module"."id") WHERE ("modules_moduletranslation"."parent_id" = 5  AND "modules_moduletranslation"."language_code" = sl ); args=(5, 'sl')
DEBUG:multilingual_model:Matched with field name for language sl. Attempting lookup.
DEBUG:multilingual_model:Translation not found in cache.
DEBUG:multilingual_model:Found translation object ModuleTranslation object, returning value Poročila.
DEBUG:multilingual_model:Regular expression not matched but translated field detected.
DEBUG:django.db.backends:(0.000) SELECT "modules_moduletranslation"."id", "modules_moduletranslation"."language_code", "modules_moduletranslation"."parent_id", "modules_moduletranslation"."name", "modules_moduletranslation"."description", "modules_module"."id", "modules_module"."path", "modules_module"."sort", "modules_module"."parent_id" FROM "modules_moduletranslation" INNER JOIN "modules_module" ON ("modules_moduletranslation"."parent_id" = "modules_module"."id") WHERE ("modules_moduletranslation"."parent_id" = 1  AND "modules_moduletranslation"."language_code" = sl ); args=(1, 'sl')
DEBUG:multilingual_model:Matched with field name for language sl. Attempting lookup.
DEBUG:multilingual_model:Translation not found in cache.
DEBUG:multilingual_model:Found translation object ModuleTranslation object, returning value Nastavitve sistema.
DEBUG:django.db.backends:(0.000) SELECT "django_session"."session_key", "django_session"."session_data", "django_session"."expire_date" FROM "django_session" WHERE ("django_session"."session_key" = 3f63886b152ab8a884afb37e19c0b0bb  AND "django_session"."expire_date" > 2011-05-06 15:53:04.797633 ); args=('3f63886b152ab8a884afb37e19c0b0bb', u'2011-05-06 15:53:04.797633')
DEBUG:django.db.backends:(0.000) SELECT "auth_user"."id", "auth_user"."username", "auth_user"."first_name", "auth_user"."last_name", "auth_user"."email", "auth_user"."password", "auth_user"."is_staff", "auth_user"."is_active", "auth_user"."is_superuser", "auth_user"."last_login", "auth_user"."date_joined" FROM "auth_user" WHERE "auth_user"."id" = 7 ; args=(7,)
DEBUG:django.db.backends:(0.002) SELECT "items_item"."id", "items_item"."active", "items_item"."barcode", "items_item"."category_id", "items_item"."size_group_id", "items_item"."size_id", "items_item"."tax_id" FROM "items_item" LIMIT 21; args=()
DEBUG:multilingual_model:Regular expression not matched but translated field detected.
DEBUG:django.db.backends:(0.001) SELECT "items_itemtranslation"."id", "items_itemtranslation"."language_code", "items_itemtranslation"."parent_id", "items_itemtranslation"."name", "items_itemtranslation"."description", "items_itemtranslation"."cost_price", "items_itemtranslation"."sale_price", "items_item"."id", "items_item"."active", "items_item"."barcode", "items_item"."category_id", "items_item"."size_group_id", "items_item"."size_id", "items_item"."tax_id", "items_category"."id", "items_category"."parent_id", "items_size_group"."id", "items_size_group"."name", "items_size"."id", "items_size"."name", "items_size"."sort", "items_size"."size_group_id", T6."id", T6."name", "items_tax"."id", "items_tax"."name", "items_tax"."percent", "items_tax"."locale" FROM "items_itemtranslation" INNER JOIN "items_item" ON ("items_itemtranslation"."parent_id" = "items_item"."id") INNER JOIN "items_category" ON ("items_item"."category_id" = "items_category"."id") INNER JOIN "items_size_group" ON ("items_item"."size_group_id" = "items_size_group"."id") INNER JOIN "items_size" ON ("items_item"."size_id" = "items_size"."id") INNER JOIN "items_size_group" T6 ON ("items_size"."size_group_id" = T6."id") INNER JOIN "items_tax" ON ("items_item"."tax_id" = "items_tax"."id") WHERE ("items_itemtranslation"."parent_id" = 1  AND "items_itemtranslation"."language_code" = sl ); args=(1, 'sl')
DEBUG:multilingual_model:Matched with field name for language sl. Attempting lookup.
DEBUG:multilingual_model:Translation not found in cache.
DEBUG:multilingual_model:Found translation object ItemTranslation object, returning value Prvi artikel.
DEBUG:django.db.backends:(0.000) SELECT "items_size"."id", "items_size"."name", "items_size"."sort", "items_size"."size_group_id" FROM "items_size" WHERE "items_size"."id" = 1 ; args=(1,)
DEBUG:multilingual_model:Regular expression not matched but translated field detected.
DEBUG:django.db.backends:(0.001) SELECT "items_itemtranslation"."id", "items_itemtranslation"."language_code", "items_itemtranslation"."parent_id", "items_itemtranslation"."name", "items_itemtranslation"."description", "items_itemtranslation"."cost_price", "items_itemtranslation"."sale_price", "items_item"."id", "items_item"."active", "items_item"."barcode", "items_item"."category_id", "items_item"."size_group_id", "items_item"."size_id", "items_item"."tax_id", "items_category"."id", "items_category"."parent_id", "items_size_group"."id", "items_size_group"."name", "items_size"."id", "items_size"."name", "items_size"."sort", "items_size"."size_group_id", T6."id", T6."name", "items_tax"."id", "items_tax"."name", "items_tax"."percent", "items_tax"."locale" FROM "items_itemtranslation" INNER JOIN "items_item" ON ("items_itemtranslation"."parent_id" = "items_item"."id") INNER JOIN "items_category" ON ("items_item"."category_id" = "items_category"."id") INNER JOIN "items_size_group" ON ("items_item"."size_group_id" = "items_size_group"."id") INNER JOIN "items_size" ON ("items_item"."size_id" = "items_size"."id") INNER JOIN "items_size_group" T6 ON ("items_size"."size_group_id" = T6."id") INNER JOIN "items_tax" ON ("items_item"."tax_id" = "items_tax"."id") WHERE ("items_itemtranslation"."parent_id" = 2  AND "items_itemtranslation"."language_code" = sl ); args=(2, 'sl')
DEBUG:multilingual_model:Matched with field name for language sl. Attempting lookup.
DEBUG:multilingual_model:Translation not found in cache.
DEBUG:multilingual_model:Found translation object ItemTranslation object, returning value Prvi artikel.
DEBUG:django.db.backends:(0.000) SELECT "items_size"."id", "items_size"."name", "items_size"."sort", "items_size"."size_group_id" FROM "items_size" WHERE "items_size"."id" = 2 ; args=(2,)
DEBUG:multilingual_model:Regular expression not matched but translated field detected.
DEBUG:django.db.backends:(0.000) SELECT "items_itemtranslation"."id", "items_itemtranslation"."language_code", "items_itemtranslation"."parent_id", "items_itemtranslation"."name", "items_itemtranslation"."description", "items_itemtranslation"."cost_price", "items_itemtranslation"."sale_price", "items_item"."id", "items_item"."active", "items_item"."barcode", "items_item"."category_id", "items_item"."size_group_id", "items_item"."size_id", "items_item"."tax_id", "items_category"."id", "items_category"."parent_id", "items_size_group"."id", "items_size_group"."name", "items_size"."id", "items_size"."name", "items_size"."sort", "items_size"."size_group_id", T6."id", T6."name", "items_tax"."id", "items_tax"."name", "items_tax"."percent", "items_tax"."locale" FROM "items_itemtranslation" INNER JOIN "items_item" ON ("items_itemtranslation"."parent_id" = "items_item"."id") INNER JOIN "items_category" ON ("items_item"."category_id" = "items_category"."id") INNER JOIN "items_size_group" ON ("items_item"."size_group_id" = "items_size_group"."id") INNER JOIN "items_size" ON ("items_item"."size_id" = "items_size"."id") INNER JOIN "items_size_group" T6 ON ("items_size"."size_group_id" = T6."id") INNER JOIN "items_tax" ON ("items_item"."tax_id" = "items_tax"."id") WHERE ("items_itemtranslation"."parent_id" = 3  AND "items_itemtranslation"."language_code" = sl ); args=(3, 'sl')
DEBUG:multilingual_model:Matched with field name for language sl. Attempting lookup.
DEBUG:multilingual_model:Translation not found in cache.
DEBUG:multilingual_model:Found translation object ItemTranslation object, returning value Prvi artikel.
DEBUG:django.db.backends:(0.000) SELECT "items_size"."id", "items_size"."name", "items_size"."sort", "items_size"."size_group_id" FROM "items_size" WHERE "items_size"."id" = 3 ; args=(3,)
DEBUG:multilingual_model:Regular expression not matched but translated field detected.
DEBUG:django.db.backends:(0.000) SELECT "items_itemtranslation"."id", "items_itemtranslation"."language_code", "items_itemtranslation"."parent_id", "items_itemtranslation"."name", "items_itemtranslation"."description", "items_itemtranslation"."cost_price", "items_itemtranslation"."sale_price", "items_item"."id", "items_item"."active", "items_item"."barcode", "items_item"."category_id", "items_item"."size_group_id", "items_item"."size_id", "items_item"."tax_id", "items_category"."id", "items_category"."parent_id", "items_size_group"."id", "items_size_group"."name", "items_size"."id", "items_size"."name", "items_size"."sort", "items_size"."size_group_id", T6."id", T6."name", "items_tax"."id", "items_tax"."name", "items_tax"."percent", "items_tax"."locale" FROM "items_itemtranslation" INNER JOIN "items_item" ON ("items_itemtranslation"."parent_id" = "items_item"."id") INNER JOIN "items_category" ON ("items_item"."category_id" = "items_category"."id") INNER JOIN "items_size_group" ON ("items_item"."size_group_id" = "items_size_group"."id") INNER JOIN "items_size" ON ("items_item"."size_id" = "items_size"."id") INNER JOIN "items_size_group" T6 ON ("items_size"."size_group_id" = T6."id") INNER JOIN "items_tax" ON ("items_item"."tax_id" = "items_tax"."id") WHERE ("items_itemtranslation"."parent_id" = 4  AND "items_itemtranslation"."language_code" = sl ); args=(4, 'sl')
DEBUG:multilingual_model:Matched with field name for language sl. Attempting lookup.
DEBUG:multilingual_model:Translation not found in cache.
DEBUG:multilingual_model:Found translation object ItemTranslation object, returning value Prvi artikel.
DEBUG:django.db.backends:(0.000) SELECT "items_size"."id", "items_size"."name", "items_size"."sort", "items_size"."size_group_id" FROM "items_size" WHERE "items_size"."id" = 4 ; args=(4,)
DEBUG:multilingual_model:Regular expression not matched but translated field detected.
DEBUG:django.db.backends:(0.000) SELECT "items_itemtranslation"."id", "items_itemtranslation"."language_code", "items_itemtranslation"."parent_id", "items_itemtranslation"."name", "items_itemtranslation"."description", "items_itemtranslation"."cost_price", "items_itemtranslation"."sale_price", "items_item"."id", "items_item"."active", "items_item"."barcode", "items_item"."category_id", "items_item"."size_group_id", "items_item"."size_id", "items_item"."tax_id", "items_category"."id", "items_category"."parent_id", "items_size_group"."id", "items_size_group"."name", "items_size"."id", "items_size"."name", "items_size"."sort", "items_size"."size_group_id", T6."id", T6."name", "items_tax"."id", "items_tax"."name", "items_tax"."percent", "items_tax"."locale" FROM "items_itemtranslation" INNER JOIN "items_item" ON ("items_itemtranslation"."parent_id" = "items_item"."id") INNER JOIN "items_category" ON ("items_item"."category_id" = "items_category"."id") INNER JOIN "items_size_group" ON ("items_item"."size_group_id" = "items_size_group"."id") INNER JOIN "items_size" ON ("items_item"."size_id" = "items_size"."id") INNER JOIN "items_size_group" T6 ON ("items_size"."size_group_id" = T6."id") INNER JOIN "items_tax" ON ("items_item"."tax_id" = "items_tax"."id") WHERE ("items_itemtranslation"."parent_id" = 5  AND "items_itemtranslation"."language_code" = sl ); args=(5, 'sl')
DEBUG:multilingual_model:Matched with field name for language sl. Attempting lookup.
DEBUG:multilingual_model:Translation not found in cache.
DEBUG:multilingual_model:Found translation object ItemTranslation object, returning value Prvi artikel.
DEBUG:django.db.backends:(0.000) SELECT "items_size"."id", "items_size"."name", "items_size"."sort", "items_size"."size_group_id" FROM "items_size" WHERE "items_size"."id" = 5 ; args=(5,)
DEBUG:django.db.backends:(0.000) SELECT "items_item"."category_id" FROM "items_item" LIMIT 21; args=()
DEBUG:django.db.backends:(0.000) SELECT "items_item"."id", "items_item"."active", "items_item"."barcode", "items_item"."category_id", "items_item"."size_group_id", "items_item"."size_id", "items_item"."tax_id" FROM "items_item" LIMIT 21; args=()
DEBUG:multilingual_model:Regular expression not matched but translated field detected.
DEBUG:django.db.backends:(0.000) SELECT "items_itemtranslation"."id", "items_itemtranslation"."language_code", "items_itemtranslation"."parent_id", "items_itemtranslation"."name", "items_itemtranslation"."description", "items_itemtranslation"."cost_price", "items_itemtranslation"."sale_price", "items_item"."id", "items_item"."active", "items_item"."barcode", "items_item"."category_id", "items_item"."size_group_id", "items_item"."size_id", "items_item"."tax_id", "items_category"."id", "items_category"."parent_id", "items_size_group"."id", "items_size_group"."name", "items_size"."id", "items_size"."name", "items_size"."sort", "items_size"."size_group_id", T6."id", T6."name", "items_tax"."id", "items_tax"."name", "items_tax"."percent", "items_tax"."locale" FROM "items_itemtranslation" INNER JOIN "items_item" ON ("items_itemtranslation"."parent_id" = "items_item"."id") INNER JOIN "items_category" ON ("items_item"."category_id" = "items_category"."id") INNER JOIN "items_size_group" ON ("items_item"."size_group_id" = "items_size_group"."id") INNER JOIN "items_size" ON ("items_item"."size_id" = "items_size"."id") INNER JOIN "items_size_group" T6 ON ("items_size"."size_group_id" = T6."id") INNER JOIN "items_tax" ON ("items_item"."tax_id" = "items_tax"."id") WHERE ("items_itemtranslation"."parent_id" = 1  AND "items_itemtranslation"."language_code" = sl ); args=(1, 'sl')
DEBUG:multilingual_model:Matched with field name for language sl. Attempting lookup.
DEBUG:multilingual_model:Translation not found in cache.
DEBUG:multilingual_model:Found translation object ItemTranslation object, returning value Prvi artikel.
DEBUG:django.db.backends:(0.000) SELECT "items_size"."id", "items_size"."name", "items_size"."sort", "items_size"."size_group_id" FROM "items_size" WHERE "items_size"."id" = 1 ; args=(1,)
DEBUG:multilingual_model:Regular expression not matched but translated field detected.
DEBUG:django.db.backends:(0.000) SELECT "items_itemtranslation"."id", "items_itemtranslation"."language_code", "items_itemtranslation"."parent_id", "items_itemtranslation"."name", "items_itemtranslation"."description", "items_itemtranslation"."cost_price", "items_itemtranslation"."sale_price", "items_item"."id", "items_item"."active", "items_item"."barcode", "items_item"."category_id", "items_item"."size_group_id", "items_item"."size_id", "items_item"."tax_id", "items_category"."id", "items_category"."parent_id", "items_size_group"."id", "items_size_group"."name", "items_size"."id", "items_size"."name", "items_size"."sort", "items_size"."size_group_id", T6."id", T6."name", "items_tax"."id", "items_tax"."name", "items_tax"."percent", "items_tax"."locale" FROM "items_itemtranslation" INNER JOIN "items_item" ON ("items_itemtranslation"."parent_id" = "items_item"."id") INNER JOIN "items_category" ON ("items_item"."category_id" = "items_category"."id") INNER JOIN "items_size_group" ON ("items_item"."size_group_id" = "items_size_group"."id") INNER JOIN "items_size" ON ("items_item"."size_id" = "items_size"."id") INNER JOIN "items_size_group" T6 ON ("items_size"."size_group_id" = T6."id") INNER JOIN "items_tax" ON ("items_item"."tax_id" = "items_tax"."id") WHERE ("items_itemtranslation"."parent_id" = 2  AND "items_itemtranslation"."language_code" = sl ); args=(2, 'sl')
DEBUG:multilingual_model:Matched with field name for language sl. Attempting lookup.
DEBUG:multilingual_model:Translation not found in cache.
DEBUG:multilingual_model:Found translation object ItemTranslation object, returning value Prvi artikel.
DEBUG:django.db.backends:(0.000) SELECT "items_size"."id", "items_size"."name", "items_size"."sort", "items_size"."size_group_id" FROM "items_size" WHERE "items_size"."id" = 2 ; args=(2,)
DEBUG:multilingual_model:Regular expression not matched but translated field detected.
DEBUG:django.db.backends:(0.000) SELECT "items_itemtranslation"."id", "items_itemtranslation"."language_code", "items_itemtranslation"."parent_id", "items_itemtranslation"."name", "items_itemtranslation"."description", "items_itemtranslation"."cost_price", "items_itemtranslation"."sale_price", "items_item"."id", "items_item"."active", "items_item"."barcode", "items_item"."category_id", "items_item"."size_group_id", "items_item"."size_id", "items_item"."tax_id", "items_category"."id", "items_category"."parent_id", "items_size_group"."id", "items_size_group"."name", "items_size"."id", "items_size"."name", "items_size"."sort", "items_size"."size_group_id", T6."id", T6."name", "items_tax"."id", "items_tax"."name", "items_tax"."percent", "items_tax"."locale" FROM "items_itemtranslation" INNER JOIN "items_item" ON ("items_itemtranslation"."parent_id" = "items_item"."id") INNER JOIN "items_category" ON ("items_item"."category_id" = "items_category"."id") INNER JOIN "items_size_group" ON ("items_item"."size_group_id" = "items_size_group"."id") INNER JOIN "items_size" ON ("items_item"."size_id" = "items_size"."id") INNER JOIN "items_size_group" T6 ON ("items_size"."size_group_id" = T6."id") INNER JOIN "items_tax" ON ("items_item"."tax_id" = "items_tax"."id") WHERE ("items_itemtranslation"."parent_id" = 3  AND "items_itemtranslation"."language_code" = sl ); args=(3, 'sl')
DEBUG:multilingual_model:Matched with field name for language sl. Attempting lookup.
DEBUG:multilingual_model:Translation not found in cache.
DEBUG:multilingual_model:Found translation object ItemTranslation object, returning value Prvi artikel.
DEBUG:django.db.backends:(0.000) SELECT "items_size"."id", "items_size"."name", "items_size"."sort", "items_size"."size_group_id" FROM "items_size" WHERE "items_size"."id" = 3 ; args=(3,)
DEBUG:multilingual_model:Regular expression not matched but translated field detected.
DEBUG:django.db.backends:(0.000) SELECT "items_itemtranslation"."id", "items_itemtranslation"."language_code", "items_itemtranslation"."parent_id", "items_itemtranslation"."name", "items_itemtranslation"."description", "items_itemtranslation"."cost_price", "items_itemtranslation"."sale_price", "items_item"."id", "items_item"."active", "items_item"."barcode", "items_item"."category_id", "items_item"."size_group_id", "items_item"."size_id", "items_item"."tax_id", "items_category"."id", "items_category"."parent_id", "items_size_group"."id", "items_size_group"."name", "items_size"."id", "items_size"."name", "items_size"."sort", "items_size"."size_group_id", T6."id", T6."name", "items_tax"."id", "items_tax"."name", "items_tax"."percent", "items_tax"."locale" FROM "items_itemtranslation" INNER JOIN "items_item" ON ("items_itemtranslation"."parent_id" = "items_item"."id") INNER JOIN "items_category" ON ("items_item"."category_id" = "items_category"."id") INNER JOIN "items_size_group" ON ("items_item"."size_group_id" = "items_size_group"."id") INNER JOIN "items_size" ON ("items_item"."size_id" = "items_size"."id") INNER JOIN "items_size_group" T6 ON ("items_size"."size_group_id" = T6."id") INNER JOIN "items_tax" ON ("items_item"."tax_id" = "items_tax"."id") WHERE ("items_itemtranslation"."parent_id" = 4  AND "items_itemtranslation"."language_code" = sl ); args=(4, 'sl')
DEBUG:multilingual_model:Matched with field name for language sl. Attempting lookup.
DEBUG:multilingual_model:Translation not found in cache.
DEBUG:multilingual_model:Found translation object ItemTranslation object, returning value Prvi artikel.
DEBUG:django.db.backends:(0.000) SELECT "items_size"."id", "items_size"."name", "items_size"."sort", "items_size"."size_group_id" FROM "items_size" WHERE "items_size"."id" = 4 ; args=(4,)
DEBUG:multilingual_model:Regular expression not matched but translated field detected.
DEBUG:django.db.backends:(0.001) SELECT "items_itemtranslation"."id", "items_itemtranslation"."language_code", "items_itemtranslation"."parent_id", "items_itemtranslation"."name", "items_itemtranslation"."description", "items_itemtranslation"."cost_price", "items_itemtranslation"."sale_price", "items_item"."id", "items_item"."active", "items_item"."barcode", "items_item"."category_id", "items_item"."size_group_id", "items_item"."size_id", "items_item"."tax_id", "items_category"."id", "items_category"."parent_id", "items_size_group"."id", "items_size_group"."name", "items_size"."id", "items_size"."name", "items_size"."sort", "items_size"."size_group_id", T6."id", T6."name", "items_tax"."id", "items_tax"."name", "items_tax"."percent", "items_tax"."locale" FROM "items_itemtranslation" INNER JOIN "items_item" ON ("items_itemtranslation"."parent_id" = "items_item"."id") INNER JOIN "items_category" ON ("items_item"."category_id" = "items_category"."id") INNER JOIN "items_size_group" ON ("items_item"."size_group_id" = "items_size_group"."id") INNER JOIN "items_size" ON ("items_item"."size_id" = "items_size"."id") INNER JOIN "items_size_group" T6 ON ("items_size"."size_group_id" = T6."id") INNER JOIN "items_tax" ON ("items_item"."tax_id" = "items_tax"."id") WHERE ("items_itemtranslation"."parent_id" = 5  AND "items_itemtranslation"."language_code" = sl ); args=(5, 'sl')
DEBUG:multilingual_model:Matched with field name for language sl. Attempting lookup.
DEBUG:multilingual_model:Translation not found in cache.
DEBUG:multilingual_model:Found translation object ItemTranslation object, returning value Prvi artikel.
DEBUG:django.db.backends:(0.000) SELECT "items_size"."id", "items_size"."name", "items_size"."sort", "items_size"."size_group_id" FROM "items_size" WHERE "items_size"."id" = 5 ; args=(5,)
DEBUG:django.db.backends:(0.000) SELECT "items_item"."category_id" FROM "items_item" LIMIT 21; args=()
