DEBUG:root:Logging debug facility re-started ...
DEBUG:root:Logging debug facility re-started ...
DEBUG:root:Logging debug facility re-started ...
DEBUG:root:Logging debug facility re-started ...
DEBUG:root:Logging debug facility re-started ...
DEBUG:root:Logging debug facility re-started ...
DEBUG:root:Logging debug facility re-started ...
DEBUG:root:Logging debug facility re-started ...
DEBUG:root:Logging debug facility re-started ...
DEBUG:root:Logging debug facility re-started ...
DEBUG:root:Logging debug facility re-started ...
DEBUG:root:Logging debug facility re-started ...
DEBUG:django.db.backends:(0.002) SELECT "items_category"."id", "items_category"."name", "items_category"."description", "items_category"."parent_id" FROM "items_category" LIMIT 21; args=()
DEBUG:root:Logging debug facility re-started ...
DEBUG:root:Logging debug facility re-started ...
DEBUG:root:Logging debug facility re-started ...
DEBUG:root:Logging debug facility re-started ...
DEBUG:root:Logging debug facility re-started ...
DEBUG:root:Logging debug facility re-started ...
DEBUG:root:Logging debug facility re-started ...
DEBUG:root:Logging debug facility re-started ...
DEBUG:root:Logging debug facility re-started ...
DEBUG:root:Logging debug facility re-started ...
DEBUG:root:Logging debug facility re-started ...
DEBUG:root:Logging debug facility re-started ...
DEBUG:root:Logging debug facility re-started ...
DEBUG:root:Logging debug facility re-started ...
DEBUG:root:Logging debug facility re-started ...
DEBUG:root:Logging debug facility re-started ...
DEBUG:django.db.backends:(0.001) SELECT "django_site"."id", "django_site"."domain", "django_site"."name" FROM "django_site" WHERE "django_site"."id" = 1 ; args=(1,)
DEBUG:django.db.backends:(0.000) SELECT "django_session"."session_key", "django_session"."session_data", "django_session"."expire_date" FROM "django_session" WHERE "django_session"."session_key" = 3057c1bb5672e48626add7532ee57478 ; args=('3057c1bb5672e48626add7532ee57478',)
DEBUG:django.db.backends:(0.000) SELECT (1) AS "a" FROM "django_session" WHERE "django_session"."session_key" = 3057c1bb5672e48626add7532ee57478  LIMIT 1; args=('3057c1bb5672e48626add7532ee57478',)
DEBUG:django.db.backends:(0.000) INSERT INTO "django_session" ("session_key", "session_data", "expire_date") VALUES (3057c1bb5672e48626add7532ee57478, OTY3MDllYjliZTIzNzgzODY3ZDVjMzkyZDk3MzdmYmQ5NTFhM2JmYjqAAn1xAVUKdGVzdGNvb2tp
ZXECVQZ3b3JrZWRxA3Mu
, 2011-05-07 21:17:06.863976); args=('3057c1bb5672e48626add7532ee57478', 'OTY3MDllYjliZTIzNzgzODY3ZDVjMzkyZDk3MzdmYmQ5NTFhM2JmYjqAAn1xAVUKdGVzdGNvb2tp\nZXECVQZ3b3JrZWRxA3Mu\n', u'2011-05-07 21:17:06.863976')
DEBUG:root:Logging debug facility re-started ...
DEBUG:root:Logging debug facility re-started ...
DEBUG:root:Logging debug facility re-started ...
DEBUG:root:Logging debug facility re-started ...
DEBUG:django.db.backends:(0.001) SELECT "items_item"."id", "items_item"."name", "items_item"."description", "items_item"."cost_price", "items_item"."sale_price", "items_item"."barcode", "items_item"."category_id", "items_item"."size_group_id", "items_item"."size_id", "items_item"."tax_id" FROM "items_item" LIMIT 21; args=()
DEBUG:django.db.backends:(0.000) SELECT "items_item"."category_id" FROM "items_item" LIMIT 21; args=()
DEBUG:django.db.backends:(0.000) SELECT "items_item"."id", "items_item"."name", "items_item"."description", "items_item"."cost_price", "items_item"."sale_price", "items_item"."barcode", "items_item"."category_id", "items_item"."size_group_id", "items_item"."size_id", "items_item"."tax_id" FROM "items_item" LIMIT 21; args=()
DEBUG:django.db.backends:(0.000) SELECT "items_item"."category_id" FROM "items_item" LIMIT 21; args=()
DEBUG:django.db.backends:(0.001) SELECT "items_item"."id", "items_item"."name", "items_item"."description", "items_item"."cost_price", "items_item"."sale_price", "items_item"."barcode", "items_item"."category_id", "items_item"."size_group_id", "items_item"."size_id", "items_item"."tax_id" FROM "items_item" LIMIT 21; args=()
DEBUG:django.db.backends:(0.000) SELECT "items_item"."category_id" FROM "items_item" LIMIT 21; args=()
DEBUG:django.db.backends:(0.000) SELECT "items_item"."id", "items_item"."name", "items_item"."description", "items_item"."cost_price", "items_item"."sale_price", "items_item"."barcode", "items_item"."category_id", "items_item"."size_group_id", "items_item"."size_id", "items_item"."tax_id" FROM "items_item" LIMIT 21; args=()
DEBUG:django.db.backends:(0.000) SELECT "items_item"."category_id" FROM "items_item" LIMIT 21; args=()
DEBUG:django.db.backends:(0.001) SELECT "items_item"."id", "items_item"."name", "items_item"."description", "items_item"."cost_price", "items_item"."sale_price", "items_item"."barcode", "items_item"."category_id", "items_item"."size_group_id", "items_item"."size_id", "items_item"."tax_id" FROM "items_item" LIMIT 21; args=()
DEBUG:django.db.backends:(0.000) SELECT "items_item"."category_id" FROM "items_item" LIMIT 21; args=()
DEBUG:django.db.backends:(0.000) SELECT "items_item"."id", "items_item"."name", "items_item"."description", "items_item"."cost_price", "items_item"."sale_price", "items_item"."barcode", "items_item"."category_id", "items_item"."size_group_id", "items_item"."size_id", "items_item"."tax_id" FROM "items_item" LIMIT 21; args=()
DEBUG:django.db.backends:(0.000) SELECT "items_item"."category_id" FROM "items_item" LIMIT 21; args=()
DEBUG:django.db.backends:(0.001) SELECT "items_item"."id", "items_item"."name", "items_item"."description", "items_item"."cost_price", "items_item"."sale_price", "items_item"."barcode", "items_item"."category_id", "items_item"."size_group_id", "items_item"."size_id", "items_item"."tax_id" FROM "items_item" LIMIT 21; args=()
DEBUG:django.db.backends:(0.000) SELECT "items_item"."category_id" FROM "items_item" LIMIT 21; args=()
DEBUG:django.db.backends:(0.000) SELECT "items_item"."id", "items_item"."name", "items_item"."description", "items_item"."cost_price", "items_item"."sale_price", "items_item"."barcode", "items_item"."category_id", "items_item"."size_group_id", "items_item"."size_id", "items_item"."tax_id" FROM "items_item" LIMIT 21; args=()
DEBUG:django.db.backends:(0.000) SELECT "items_item"."category_id" FROM "items_item" LIMIT 21; args=()
DEBUG:root:Logging debug facility re-started ...
DEBUG:root:Logging debug facility re-started ...
DEBUG:root:Logging debug facility re-started ...
DEBUG:root:Logging debug facility re-started ...
DEBUG:root:Logging debug facility re-started ...
DEBUG:root:Logging debug facility re-started ...
DEBUG:root:Logging debug facility re-started ...
DEBUG:root:Logging debug facility re-started ...
